<?xml version="1.0" encoding="UTF-8"?>
<testsuite name="Forum Test Suite" tests="1" skipped="0" failures="0" errors="0" timestamp="2021-11-15T19:09:44" hostname="L0773" time="0.019">
  <properties/>
  <testcase name="When created SimpleUser with name, then getUserName should return correct name" classname="com.kodilla.testing.forum.ForumTestSuite" time="0.019"/>
  <system-out><![CDATA[]]></system-out>
  <system-err><![CDATA[]]></system-err>
</testsuite>
